Latest COSMOS catalog has 5263013 sources.
After stellar masking, COSMOS catalog has 4426066 sources.
After limiting to the u imaging, COSMOS catalog has 2757450 sources.
Excluding 116 bright source in u [10.29, 16.99].
Excluding 98 bright source in g [10.98, 17.00].
Excluding 166 bright source in r [13.53, 16.99].
Excluding 383 bright source in i [12.82, 17.00].
Excluding 704 bright source in z [12.32, 17.00].
Excluding 1093 bright source in y [12.05, 17.00].
Excluding a total of 1219 bright source.
After removing bright sources, COSMOS catalog has 2756231 sources.
With BXU selection, COSMOS catalog has 12181 sources.
With u-nondetect selection, COSMOS catalog has 3791 sources.
COSMOS catalog has 14233 sources meeting BX | u | u nondetect selection at a target density of 3227.438 per sq. deg.
COSMOS catalog has 12108 sources meeting BX | u | u nondetect selection at a target density of 2745.578 per sq. deg., after geometric mask
With BXU selection, COSMOS catalog has 11075 sources, after geometric mask.
With u-nondetect selection, COSMOS catalog has 2286 sources, after geometric mask.
magmin passed: 22.5; magmin found: 22.501 for band: r.
magmax passed: 24.5; magmax found: 24.499 for band: r.



   ID           RA                DEC         MASK ... Ks_err Z_BC03 Z_SPEC IDX
------- ------------------ ------------------ ---- ... ------ ------ ------ ---
   8419  149.4617628929257 2.9903850477809484    0 ... 1000.0 2.4898  -99.0   1
  88187 149.37526777692952 2.9556887260343148    0 ... 1000.0 0.2746  -99.0   1
 100735 149.37250768438415  3.080247775303863    0 ... 1000.0 3.7247  -99.0   1
 106891 149.26462324656055  3.138785382887629    0 ... 1000.0 3.3393  -99.0   1
 111902 149.40201064798677  3.188692373436244    0 ... 1000.0 0.2653  -99.0   1
 179692  149.2142386139038  3.035434124404831    0 ... 1000.0 2.8799  -99.0   1
 187353 149.21004001927372 3.1048311728256377    0 ... 1000.0 2.6679  -99.0   1
 207591 149.06917248324245  3.295965274880494    0 ... 1000.0 1.4065  -99.0   1
 281969 148.94066654619888 3.1817781279042285    0 ... 1000.0 2.0169  -99.0   1
 446575 151.00575262947734   2.99755764912408    0 ... 1000.0 2.8128  -99.0   1
    ...                ...                ...  ... ...    ...    ...    ... ...
5249258  150.9519036170743 1.4027373074881624    0 ... 1000.0 2.5595  -99.0   8
5249732 150.90979211728876 1.4224543365048643    0 ... 1000.0 3.1782  -99.0   8
5250096  150.9128235703681 1.4424115007187652    0 ... 1000.0 2.6911  -99.0   8
5250767 150.98780650052058  1.471027745411431    0 ... 1000.0 2.8514  -99.0   8
5251456 150.93080441449553 1.5062890913215154    0 ... 1000.0  2.388  -99.0   8
5252339  150.9870525216869 1.5365314200594755    0 ... 1000.0 2.8647  -99.0   8
5252415  151.0268976321305 1.5291242704260686    0 ... 1000.0  2.948  -99.0   8
5253312 151.01470471813647 1.6333125661987211    0 ... 1000.0 2.2627  -99.0   8
5253841 150.97606404223887 1.7056557137213704    0 ... 1000.0 2.1263  -99.0   8
5254314 150.90054137224266  1.809623158694348    0 ... 1000.0 2.7607  -99.0   8
5254996 150.89816369794585 1.9215185324036328    0 ... 1000.0  3.393  -99.0   8
Length = 12108 rows
Writing to /global/cscratch1/sd/mjwilson/DESILBG/GOLD/DESILBG_BXU/desilbg_bxu.fits.
