Latest COSMOS catalog has 5263013 sources.
After stellar masking, COSMOS catalog has 4426066 sources.
After limiting to the g imaging, COSMOS catalog has 3696114 sources.
Excluding 114 bright source in u [10.29, 16.99].
Excluding 137 bright source in g [10.98, 17.00].
Excluding 213 bright source in r [13.53, 17.00].
Excluding 441 bright source in i [12.82, 17.00].
Excluding 892 bright source in z [12.32, 17.00].
Excluding 1393 bright source in y [12.05, 17.00].
Excluding a total of 1530 bright source.
After removing bright sources, COSMOS catalog has 3694584 sources.
With g selection, COSMOS catalog has 28644 sources.
With g-nondetect selection, COSMOS catalog has 717 sources.
COSMOS catalog has 29361 sources meeting g | g nondetect selection at a target density of 3745.026 per sq. deg.
magmin passed: 22.5; magmin found: 22.501 for band: i.
magmax passed: 25.5; magmax found: 25.499 for band: i.



   ID           RA                DEC         MASK ... Ks_err Z_BC03 Z_SPEC IDX
------- ------------------ ------------------ ---- ... ------ ------ ------ ---
  15386 149.44117727168637  3.082920547674356    0 ... 1000.0 3.9185  -99.0   1
  30429 149.53445212228007 3.2482892478308094    0 ... 1000.0 4.4444  -99.0   1
  48501 149.56492647152768     3.385200009071    0 ... 1000.0 0.5733  -99.0   1
  57698 149.46157545840626  3.500348510718072    0 ... 1000.0 0.4041  -99.0   1
 287021 148.89627872796433 3.1948753416083586    0 ... 1000.0 0.3807  -99.0   1
 392485 148.63055969636596  2.890567055105118    0 ... 1000.0 3.8437  -99.0   1
 412504  148.6543556489472 3.1560431159473548    0 ... 1000.0 1.3435  -99.0   1
 458814 150.90678562027463 3.1372183156621887    0 ... 1000.0 0.3995  -99.0   1
 578917  150.7922239491414  3.468297531121967    0 ... 1000.0 0.2284  -99.0   1
 639938 150.70416755701237 3.1741141350279123    0 ... 1000.0 0.5584  -99.0   1
    ...                ...                ...  ... ...    ...    ...    ... ...
5250743 150.91487287951057 1.4703738931725774    0 ... 1000.0  3.453  -99.0  12
5251648 151.04246973722329 1.5163137545761476    0 ... 1000.0 3.4983  -99.0  12
5252150 150.91675937333383 1.5425842006804544    0 ... 1000.0 3.4879  -99.0  12
5253136 150.89874470540215 1.5944950399808828    0 ... 1000.0 3.4935  -99.0  12
5253582 150.89841341296523  1.682196100140806    0 ... 1000.0 3.2876  -99.0  12
5257843 150.90696738177903 2.3612329557270644    0 ... 1000.0 3.4682  -99.0  12
5258710 150.89616083489253  2.478144912775394    0 ... 1000.0 2.6952  -99.0  12
5258928 150.95693978820967  2.567155498114048    0 ... 1000.0 3.7007  -99.0  12
5259303  150.9535383312878 2.6318655142967344    0 ... 1000.0 3.3864  -99.0  12
5262539 150.98174853646256  3.026815395944916    0 ... 1000.0 3.2167  -99.0  12
5262874 151.05398059281617 3.0554298683973222    0 ... 1000.0 3.2238  -99.0  12
Length = 29361 rows
Writing to /global/cscratch1/sd/mjwilson/DESILBG/GOLD/DESILBG_G/desilbg_g.fits.
