Latest COSMOS catalog has 5263013 sources.
After stellar masking, COSMOS catalog has 4426066 sources.
After limiting to the u imaging, COSMOS catalog has 2757450 sources.
Excluding 116 bright source in u.
Excluding 98 bright source in g.
Excluding 166 bright source in r.
Excluding 383 bright source in i.
Excluding 704 bright source in z.
Excluding 1093 bright source in y.
After removing bright sources, COSMOS catalog has 2756231 sources.
COSMOS catalog has 11204 sources meeting TMG selection at a target density of 2540.590 per sq. deg.
COSMOS catalog has 10396 sources meeting TMG selection at a target density of 2357.370 per sq. deg., after geometric mask



   ID           RA                DEC         MASK ... H_err  Ks_err Z_BC03 IDX
------- ------------------ ------------------ ---- ... ------ ------ ------ ---
2701593 150.61330155313811 1.2814882473135494    0 ... 1000.0 1000.0 2.4626 -99
1289080 151.24121601922798 3.1684822801157484    0 ... 1000.0 1000.0 3.0897 -99
 187353 149.21004001927372 3.1048311728256377    0 ... 1000.0 1000.0 2.6679 -99
4850199 149.61243459416568  2.873956889833254    0 ...  -99.0  -99.0 0.1384 -99
2919769 149.25140478616885 1.6349077897107656    0 ... 1000.0  -99.0 2.3008 -99
2587844 150.81978916811246  1.037446131173854    0 ... 1000.0 1000.0 2.7165 -99
2721046 150.55870751605624 1.4665748703386872    0 ... 1000.0 1000.0 0.0752 -99
 709518 150.47909771682362  2.989020677783287    0 ... 1000.0 1000.0 3.1789 -99
 100735 149.37250768438415  3.080247775303863    0 ... 1000.0 1000.0 3.7247 -99
2439584 151.05095140422483 1.3016694434432885    0 ... 1000.0 1000.0  2.168 -99
    ...                ...                ...  ... ...    ...    ...    ... ...
2584838 150.65372445955094  1.021057896916267    0 ... 1000.0 1000.0 2.3155 -99
3586764 151.06015398830127  2.532713403943773    0 ... 1000.0 1000.0 2.3182 -99
3485514  151.0059090993179 1.6073826175804782    0 ... 1000.0 1000.0 2.6489 -99
 537333 150.77033058264448 3.0723948546021447    0 ... 1000.0 1000.0 3.2926 -99
4083028 150.51027273400902 2.4632675334032395    0 ...  0.028  0.029 3.2753 -99
2546269  150.9620028790942  1.477439134170138    0 ... 1000.0 1000.0 3.2466 -99
4359900 149.98209060408703 1.8019118484022527    0 ...  0.027  0.028 2.4687 -99
5123623 151.09493996023352 1.6423910261628163    0 ... 1000.0 1000.0 2.0158 -99
3800373  150.6852882633291 1.6708900032250302    0 ...  0.078  0.194 0.0711 -99
3870142 150.60453131046302 2.2236108833038344    0 ...  0.047  0.073 2.2064 -99
2529176 151.01315022739794  1.308891190149812    0 ... 1000.0 1000.0 3.2543 -99
Length = 10396 rows
